2025-09-04T00:04:18.226-05:00  INFO 31500 --- [ntt-ms-accounts] [reactor-http-nio-7] n.n.service.AccountService               : Creating account with number 1233422315576
2025-09-04T00:04:18.231-05:00 DEBUG 31500 --- [ntt-ms-accounts] [reactor-http-nio-7] n.n.service.AccountService               : Account details: Account(id=null, accountNumber=1233422315576, customerId=CLI_00099, holders=[HOL_0010], authorizedSigners=[AUTH_0011], type=SAVINGS, status=ACTIVE, balance=null, maintenanceFee=null, monthlyMovementLimit=null, fixedDayAllowed=null, createdAt=null, updatedAt=null)
2025-09-04T00:04:18.233-05:00 ERROR 31500 --- [ntt-ms-accounts] [reactor-http-nio-7] a.w.r.e.AbstractErrorWebExceptionHandler : [5afe69bb-5]  500 Server Error for HTTP POST "/accounts"

java.lang.IllegalStateException: personal accounts cannot have authorized signers
	at ntt.ntt_ms_accounts.service.AccountService.validatePersonalOwnersAndSigners(AccountService.java:160) ~[classes/:na]
	Suppressed: reactor.core.publisher.FluxOnAssembly$OnAssemblyException: 
Error has been observed at the following site(s):
	*__checkpoint ⇢ Handler ntt.ntt_ms_accounts.controller.AccountController#create(OpenAccountRequest) [DispatcherHandler]
	*__checkpoint ⇢ HTTP POST "/accounts" [ExceptionHandlingWebHandler]
Original Stack Trace:
		at ntt.ntt_ms_accounts.service.AccountService.validatePersonalOwnersAndSigners(AccountService.java:160) ~[classes/:na]
		at ntt.ntt_ms_accounts.service.AccountService.validateAccountCreation(AccountService.java:132) ~[classes/:na]
		at ntt.ntt_ms_accounts.service.AccountService.lambda$create$0(AccountService.java:42) ~[classes/:na]
		at reactor.core.publisher.FluxFlatMap.trySubscribeScalarMap(FluxFlatMap.java:153) ~[reactor-core-3.7.8.jar:3.7.8]
		at reactor.core.publisher.MonoFlatMap.subscribeOrReturn(MonoFlatMap.java:53) ~[reactor-core-3.7.8.jar:3.7.8]
		at reactor.core.publisher.Mono.subscribe(Mono.java:4560) ~[reactor-core-3.7.8.jar:3.7.8]
		at reactor.core.publisher.MonoIgnoreThen$ThenIgnoreMain.subscribeNext(MonoIgnoreThen.java:265) ~[reactor-core-3.7.8.jar:3.7.8]
		at reactor.core.publisher.MonoIgnoreThen.subscribe(MonoIgnoreThen.java:51) ~[reactor-core-3.7.8.jar:3.7.8]
		at reactor.core.publisher.FluxFromMonoOperator.subscribe(FluxFromMonoOperator.java:85) ~[reactor-core-3.7.8.jar:3.7.8]
		at reactor.core.publisher.FluxDeferContextual.subscribe(FluxDeferContextual.java:57) ~[reactor-core-3.7.8.jar:3.7.8]
		at reactor.core.publisher.InternalMonoOperator.subscribe(InternalMonoOperator.java:76) ~[reactor-core-3.7.8.jar:3.7.8]
		at reactor.core.publisher.MonoFlatMap$FlatMapMain.onNext(MonoFlatMap.java:165) ~[reactor-core-3.7.8.jar:3.7.8]
		at reactor.core.publisher.FluxOnErrorResume$ResumeSubscriber.onNext(FluxOnErrorResume.java:79) ~[reactor-core-3.7.8.jar:3.7.8]
		at reactor.core.publisher.FluxOnErrorResume$ResumeSubscriber.onNext(FluxOnErrorResume.java:79) ~[reactor-core-3.7.8.jar:3.7.8]
		at reactor.core.publisher.FluxPeek$PeekSubscriber.onNext(FluxPeek.java:200) ~[reactor-core-3.7.8.jar:3.7.8]
		at reactor.core.publisher.MonoIgnoreThen$ThenIgnoreMain.complete(MonoIgnoreThen.java:294) ~[reactor-core-3.7.8.jar:3.7.8]
		at reactor.core.publisher.MonoIgnoreThen$ThenIgnoreMain.onNext(MonoIgnoreThen.java:188) ~[reactor-core-3.7.8.jar:3.7.8]
		at reactor.core.publisher.MonoFlatMap$FlatMapMain.onNext(MonoFlatMap.java:158) ~[reactor-core-3.7.8.jar:3.7.8]
		at reactor.core.publisher.MonoZip$ZipCoordinator.signal(MonoZip.java:297) ~[reactor-core-3.7.8.jar:3.7.8]
		at reactor.core.publisher.MonoZip$ZipInner.onNext(MonoZip.java:478) ~[reactor-core-3.7.8.jar:3.7.8]
		at reactor.core.publisher.MonoPeekTerminal$MonoTerminalPeekSubscriber.onNext(MonoPeekTerminal.java:180) ~[reactor-core-3.7.8.jar:3.7.8]
		at reactor.core.publisher.FluxDefaultIfEmpty$DefaultIfEmptySubscriber.onNext(FluxDefaultIfEmpty.java:122) ~[reactor-core-3.7.8.jar:3.7.8]
		at reactor.core.publisher.FluxPeek$PeekSubscriber.onNext(FluxPeek.java:200) ~[reactor-core-3.7.8.jar:3.7.8]
		at reactor.core.publisher.FluxSwitchIfEmpty$SwitchIfEmptySubscriber.onNext(FluxSwitchIfEmpty.java:74) ~[reactor-core-3.7.8.jar:3.7.8]
		at reactor.core.publisher.FluxOnErrorResume$ResumeSubscriber.onNext(FluxOnErrorResume.java:79) ~[reactor-core-3.7.8.jar:3.7.8]
		at reactor.core.publisher.MonoFlatMap$FlatMapMain.onNext(MonoFlatMap.java:158) ~[reactor-core-3.7.8.jar:3.7.8]
		at reactor.core.publisher.FluxContextWrite$ContextWriteSubscriber.onNext(FluxContextWrite.java:107) ~[reactor-core-3.7.8.jar:3.7.8]
		at reactor.core.publisher.FluxMapFuseable$MapFuseableConditionalSubscriber.onNext(FluxMapFuseable.java:299) ~[reactor-core-3.7.8.jar:3.7.8]
		at reactor.core.publisher.FluxFilterFuseable$FilterFuseableConditionalSubscriber.onNext(FluxFilterFuseable.java:337) ~[reactor-core-3.7.8.jar:3.7.8]
		at reactor.core.publisher.Operators$BaseFluxToMonoOperator.completePossiblyEmpty(Operators.java:2096) ~[reactor-core-3.7.8.jar:3.7.8]
		at reactor.core.publisher.MonoCollect$CollectSubscriber.onComplete(MonoCollect.java:145) ~[reactor-core-3.7.8.jar:3.7.8]
		at reactor.core.publisher.FluxMap$MapSubscriber.onComplete(FluxMap.java:144) ~[reactor-core-3.7.8.jar:3.7.8]
		at reactor.core.publisher.FluxPeek$PeekSubscriber.onComplete(FluxPeek.java:260) ~[reactor-core-3.7.8.jar:3.7.8]
		at reactor.core.publisher.FluxMap$MapSubscriber.onComplete(FluxMap.java:144) ~[reactor-core-3.7.8.jar:3.7.8]
		at reactor.netty.channel.FluxReceive.onInboundComplete(FluxReceive.java:413) ~[reactor-netty-core-1.2.8.jar:1.2.8]
		at reactor.netty.channel.ChannelOperations.onInboundComplete(ChannelOperations.java:455) ~[reactor-netty-core-1.2.8.jar:1.2.8]
		at reactor.netty.http.server.HttpServerOperations.handleLastHttpContent(HttpServerOperations.java:903) ~[reactor-netty-http-1.2.8.jar:1.2.8]
		at reactor.netty.http.server.HttpServerOperations.onInboundNext(HttpServerOperations.java:812) ~[reactor-netty-http-1.2.8.jar:1.2.8]
		at reactor.netty.channel.ChannelOperationsHandler.channelRead(ChannelOperationsHandler.java:115) ~[reactor-netty-core-1.2.8.jar:1.2.8]
		at io.netty.channel.AbstractChannelHandlerContext.invokeChannelRead(AbstractChannelHandlerContext.java:444) ~[netty-transport-4.1.123.Final.jar:4.1.123.Final]
		at io.netty.channel.AbstractChannelHandlerContext.invokeChannelRead(AbstractChannelHandlerContext.java:420) ~[netty-transport-4.1.123.Final.jar:4.1.123.Final]
		at io.netty.channel.AbstractChannelHandlerContext.fireChannelRead(AbstractChannelHandlerContext.java:412) ~[netty-transport-4.1.123.Final.jar:4.1.123.Final]
		at reactor.netty.http.server.HttpTrafficHandler.channelRead(HttpTrafficHandler.java:321) ~[reactor-netty-http-1.2.8.jar:1.2.8]
		at io.netty.channel.AbstractChannelHandlerContext.invokeChannelRead(AbstractChannelHandlerContext.java:442) ~[netty-transport-4.1.123.Final.jar:4.1.123.Final]
		at io.netty.channel.AbstractChannelHandlerContext.invokeChannelRead(AbstractChannelHandlerContext.java:420) ~[netty-transport-4.1.123.Final.jar:4.1.123.Final]
		at io.netty.channel.AbstractChannelHandlerContext.fireChannelRead(AbstractChannelHandlerContext.java:412) ~[netty-transport-4.1.123.Final.jar:4.1.123.Final]
		at io.netty.channel.CombinedChannelDuplexHandler$DelegatingChannelHandlerContext.fireChannelRead(CombinedChannelDuplexHandler.java:436) ~[netty-transport-4.1.123.Final.jar:4.1.123.Final]
		at io.netty.handler.codec.ByteToMessageDecoder.fireChannelRead(ByteToMessageDecoder.java:346) ~[netty-codec-4.1.123.Final.jar:4.1.123.Final]
		at io.netty.handler.codec.ByteToMessageDecoder.channelRead(ByteToMessageDecoder.java:318) ~[netty-codec-4.1.123.Final.jar:4.1.123.Final]
		at io.netty.channel.CombinedChannelDuplexHandler.channelRead(CombinedChannelDuplexHandler.java:251) ~[netty-transport-4.1.123.Final.jar:4.1.123.Final]
		at io.netty.channel.AbstractChannelHandlerContext.invokeChannelRead(AbstractChannelHandlerContext.java:442) ~[netty-transport-4.1.123.Final.jar:4.1.123.Final]
		at io.netty.channel.AbstractChannelHandlerContext.invokeChannelRead(AbstractChannelHandlerContext.java:420) ~[netty-transport-4.1.123.Final.jar:4.1.123.Final]
		at io.netty.channel.AbstractChannelHandlerContext.fireChannelRead(AbstractChannelHandlerContext.java:412) ~[netty-transport-4.1.123.Final.jar:4.1.123.Final]
		at io.netty.channel.DefaultChannelPipeline$HeadContext.channelRead(DefaultChannelPipeline.java:1357) ~[netty-transport-4.1.123.Final.jar:4.1.123.Final]
		at io.netty.channel.AbstractChannelHandlerContext.invokeChannelRead(AbstractChannelHandlerContext.java:440) ~[netty-transport-4.1.123.Final.jar:4.1.123.Final]
		at io.netty.channel.AbstractChannelHandlerContext.invokeChannelRead(AbstractChannelHandlerContext.java:420) ~[netty-transport-4.1.123.Final.jar:4.1.123.Final]
		at io.netty.channel.DefaultChannelPipeline.fireChannelRead(DefaultChannelPipeline.java:868) ~[netty-transport-4.1.123.Final.jar:4.1.123.Final]
		at io.netty.channel.nio.AbstractNioByteChannel$NioByteUnsafe.read(AbstractNioByteChannel.java:166) ~[netty-transport-4.1.123.Final.jar:4.1.123.Final]
		at io.netty.channel.nio.NioEventLoop.processSelectedKey(NioEventLoop.java:796) ~[netty-transport-4.1.123.Final.jar:4.1.123.Final]
		at io.netty.channel.nio.NioEventLoop.processSelectedKeysOptimized(NioEventLoop.java:732) ~[netty-transport-4.1.123.Final.jar:4.1.123.Final]
		at io.netty.channel.nio.NioEventLoop.processSelectedKeys(NioEventLoop.java:658) ~[netty-transport-4.1.123.Final.jar:4.1.123.Final]
		at io.netty.channel.nio.NioEventLoop.run(NioEventLoop.java:562) ~[netty-transport-4.1.123.Final.jar:4.1.123.Final]
		at io.netty.util.concurrent.SingleThreadEventExecutor$4.run(SingleThreadEventExecutor.java:998) ~[netty-common-4.1.123.Final.jar:4.1.123.Final]
		at io.netty.util.internal.ThreadExecutorMap$2.run(ThreadExecutorMap.java:74) ~[netty-common-4.1.123.Final.jar:4.1.123.Final]
		at io.netty.util.concurrent.FastThreadLocalRunnable.run(FastThreadLocalRunnable.java:30) ~[netty-common-4.1.123.Final.jar:4.1.123.Final]
		at java.base/java.lang.Thread.run(Thread.java:833) ~[na:na]

2025-09-04T00:06:57.085-05:00  INFO 31500 --- [ntt-ms-accounts] [SpringApplicationShutdownHook] o.s.b.w.embedded.netty.GracefulShutdown  : Commencing graceful shutdown. Waiting for active requests to complete
2025-09-04T00:06:57.087-05:00  INFO 31500 --- [ntt-ms-accounts] [netty-shutdown] o.s.b.w.embedded.netty.GracefulShutdown  : Graceful shutdown complete
2025-09-04T00:20:26.532-05:00  INFO 22584 --- [ntt-ms-accounts] [main] n.n.NttMsAccountsApplicationTests        : Starting NttMsAccountsApplicationTests using Java 17.0.7 with PID 22584 (started by Stephany in C:\Users\Stephany\Desktop\Microservicios\proyecto_microservicios\ntt-ms-accounts)
2025-09-04T00:20:26.536-05:00 DEBUG 22584 --- [ntt-ms-accounts] [main] n.n.NttMsAccountsApplicationTests        : Running with Spring Boot v3.5.4, Spring v6.2.9
2025-09-04T00:20:26.538-05:00  INFO 22584 --- [ntt-ms-accounts] [main] n.n.NttMsAccountsApplicationTests        : No active profile set, falling back to 1 default profile: "default"
2025-09-04T00:20:27.583-05:00  INFO 22584 --- [ntt-ms-accounts] [main] .s.d.r.c.RepositoryConfigurationDelegate : Bootstrapping Spring Data Reactive MongoDB repositories in DEFAULT mode.
2025-09-04T00:20:27.757-05:00  INFO 22584 --- [ntt-ms-accounts] [main] .s.d.r.c.RepositoryConfigurationDelegate : Finished Spring Data repository scanning in 165 ms. Found 4 Reactive MongoDB repository interfaces.
2025-09-04T00:20:28.614-05:00  INFO 22584 --- [ntt-ms-accounts] [main] org.mongodb.driver.client                : MongoClient with metadata {"driver": {"name": "mongo-java-driver|reactive-streams|spring-boot", "version": "5.5.1"}, "os": {"type": "Windows", "name": "Windows 11", "architecture": "amd64", "version": "10.0"}, "platform": "Java/Oracle Corporation/17.0.7+8-LTS-224"} created with settings MongoClientSettings{readPreference=primary, writeConcern=WriteConcern{w=null, wTimeout=null ms, journal=null}, retryWrites=true, retryReads=true, readConcern=ReadConcern{level=null}, credential=null, transportSettings=NettyTransportSettings{eventLoopGroup=io.netty.channel.nio.NioEventLoopGroup@79cfc008, socketChannelClass=null, allocator=null, sslContext=null}, commandListeners=[], codecRegistry=ProvidersCodecRegistry{codecProviders=[ValueCodecProvider{}, BsonValueCodecProvider{}, DBRefCodecProvider{}, DBObjectCodecProvider{}, DocumentCodecProvider{}, CollectionCodecProvider{}, IterableCodecProvider{}, MapCodecProvider{}, GeoJsonCodecProvider{}, GridFSFileCodecProvider{}, Jsr310CodecProvider{}, JsonObjectCodecProvider{}, BsonCodecProvider{}, EnumCodecProvider{}, com.mongodb.client.model.mql.ExpressionCodecProvider@1ea482b4, com.mongodb.Jep395RecordCodecProvider@3470c771, com.mongodb.KotlinCodecProvider@7d2ccd7f]}, loggerSettings=LoggerSettings{maxDocumentLength=1000}, clusterSettings={hosts=[localhost:27017], srvServiceName=mongodb, mode=SINGLE, requiredClusterType=UNKNOWN, requiredReplicaSetName='null', serverSelector='null', clusterListeners='[]', serverSelectionTimeout='30000 ms', localThreshold='15 ms'}, socketSettings=SocketSettings{connectTimeoutMS=10000, readTimeoutMS=0, receiveBufferSize=0, proxySettings=ProxySettings{host=null, port=null, username=null, password=null}}, heartbeatSocketSettings=SocketSettings{connectTimeoutMS=10000, readTimeoutMS=10000, receiveBufferSize=0, proxySettings=ProxySettings{host=null, port=null, username=null, password=null}}, connectionPoolSettings=ConnectionPoolSettings{maxSize=100, minSize=0, maxWaitTimeMS=120000, maxConnectionLifeTimeMS=0, maxConnectionIdleTimeMS=0, maintenanceInitialDelayMS=0, maintenanceFrequencyMS=60000, connectionPoolListeners=[], maxConnecting=2}, serverSettings=ServerSettings{heartbeatFrequencyMS=10000, minHeartbeatFrequencyMS=500, serverMonitoringMode=AUTO, serverListeners='[]', serverMonitorListeners='[]'}, sslSettings=SslSettings{enabled=false, invalidHostNameAllowed=false, context=null}, applicationName='null', compressorList=[], uuidRepresentation=JAVA_LEGACY, serverApi=null, autoEncryptionSettings=null, dnsClient=null, inetAddressResolver=null, contextProvider=null, timeoutMS=null}
2025-09-04T00:20:28.790-05:00  INFO 22584 --- [ntt-ms-accounts] [cluster-ClusterId{value='68b9219cac0945199bb555d1', description='null'}-localhost:27017] org.mongodb.driver.cluster               : Monitor thread successfully connected to server with description ServerDescription{address=localhost:27017, type=STANDALONE, cryptd=false, state=CONNECTED, ok=true, minWireVersion=0, maxWireVersion=25, maxDocumentSize=16777216, logicalSessionTimeoutMinutes=30, roundTripTimeNanos=86125700, minRoundTripTimeNanos=0}
2025-09-04T00:20:29.772-05:00  INFO 22584 --- [ntt-ms-accounts] [main] n.n.NttMsAccountsApplicationTests        : Started NttMsAccountsApplicationTests in 3.715 seconds (process running for 5.341)
2025-09-04T00:22:50.599-05:00  INFO 31128 --- [ntt-ms-accounts] [main] n.n.NttMsAccountsApplicationTests        : Starting NttMsAccountsApplicationTests using Java 17.0.7 with PID 31128 (started by Stephany in C:\Users\Stephany\Desktop\Microservicios\proyecto_microservicios\ntt-ms-accounts)
2025-09-04T00:22:50.601-05:00 DEBUG 31128 --- [ntt-ms-accounts] [main] n.n.NttMsAccountsApplicationTests        : Running with Spring Boot v3.5.4, Spring v6.2.9
2025-09-04T00:22:50.602-05:00  INFO 31128 --- [ntt-ms-accounts] [main] n.n.NttMsAccountsApplicationTests        : No active profile set, falling back to 1 default profile: "default"
2025-09-04T00:22:51.833-05:00  INFO 31128 --- [ntt-ms-accounts] [main] .s.d.r.c.RepositoryConfigurationDelegate : Bootstrapping Spring Data Reactive MongoDB repositories in DEFAULT mode.
2025-09-04T00:22:52.362-05:00  INFO 31128 --- [ntt-ms-accounts] [main] .s.d.r.c.RepositoryConfigurationDelegate : Finished Spring Data repository scanning in 510 ms. Found 4 Reactive MongoDB repository interfaces.
2025-09-04T00:22:53.316-05:00  INFO 31128 --- [ntt-ms-accounts] [main] org.mongodb.driver.client                : MongoClient with metadata {"driver": {"name": "mongo-java-driver|reactive-streams|spring-boot", "version": "5.5.1"}, "os": {"type": "Windows", "name": "Windows 11", "architecture": "amd64", "version": "10.0"}, "platform": "Java/Oracle Corporation/17.0.7+8-LTS-224"} created with settings MongoClientSettings{readPreference=primary, writeConcern=WriteConcern{w=null, wTimeout=null ms, journal=null}, retryWrites=true, retryReads=true, readConcern=ReadConcern{level=null}, credential=null, transportSettings=NettyTransportSettings{eventLoopGroup=io.netty.channel.nio.NioEventLoopGroup@5565d718, socketChannelClass=null, allocator=null, sslContext=null}, commandListeners=[], codecRegistry=ProvidersCodecRegistry{codecProviders=[ValueCodecProvider{}, BsonValueCodecProvider{}, DBRefCodecProvider{}, DBObjectCodecProvider{}, DocumentCodecProvider{}, CollectionCodecProvider{}, IterableCodecProvider{}, MapCodecProvider{}, GeoJsonCodecProvider{}, GridFSFileCodecProvider{}, Jsr310CodecProvider{}, JsonObjectCodecProvider{}, BsonCodecProvider{}, EnumCodecProvider{}, com.mongodb.client.model.mql.ExpressionCodecProvider@4832813d, com.mongodb.Jep395RecordCodecProvider@70c3483b, com.mongodb.KotlinCodecProvider@276ac94c]}, loggerSettings=LoggerSettings{maxDocumentLength=1000}, clusterSettings={hosts=[localhost:27017], srvServiceName=mongodb, mode=SINGLE, requiredClusterType=UNKNOWN, requiredReplicaSetName='null', serverSelector='null', clusterListeners='[]', serverSelectionTimeout='30000 ms', localThreshold='15 ms'}, socketSettings=SocketSettings{connectTimeoutMS=10000, readTimeoutMS=0, receiveBufferSize=0, proxySettings=ProxySettings{host=null, port=null, username=null, password=null}}, heartbeatSocketSettings=SocketSettings{connectTimeoutMS=10000, readTimeoutMS=10000, receiveBufferSize=0, proxySettings=ProxySettings{host=null, port=null, username=null, password=null}}, connectionPoolSettings=ConnectionPoolSettings{maxSize=100, minSize=0, maxWaitTimeMS=120000, maxConnectionLifeTimeMS=0, maxConnectionIdleTimeMS=0, maintenanceInitialDelayMS=0, maintenanceFrequencyMS=60000, connectionPoolListeners=[], maxConnecting=2}, serverSettings=ServerSettings{heartbeatFrequencyMS=10000, minHeartbeatFrequencyMS=500, serverMonitoringMode=AUTO, serverListeners='[]', serverMonitorListeners='[]'}, sslSettings=SslSettings{enabled=false, invalidHostNameAllowed=false, context=null}, applicationName='null', compressorList=[], uuidRepresentation=JAVA_LEGACY, serverApi=null, autoEncryptionSettings=null, dnsClient=null, inetAddressResolver=null, contextProvider=null, timeoutMS=null}
2025-09-04T00:22:53.504-05:00  INFO 31128 --- [ntt-ms-accounts] [cluster-ClusterId{value='68b9222de8edde9a0e4e5263', description='null'}-localhost:27017] org.mongodb.driver.cluster               : Monitor thread successfully connected to server with description ServerDescription{address=localhost:27017, type=STANDALONE, cryptd=false, state=CONNECTED, ok=true, minWireVersion=0, maxWireVersion=25, maxDocumentSize=16777216, logicalSessionTimeoutMinutes=30, roundTripTimeNanos=89727800, minRoundTripTimeNanos=0}
2025-09-04T00:22:54.438-05:00  INFO 31128 --- [ntt-ms-accounts] [main] n.n.NttMsAccountsApplicationTests        : Started NttMsAccountsApplicationTests in 4.275 seconds (process running for 5.709)
2025-09-04T00:23:42.152-05:00  INFO 3088 --- [ntt-ms-accounts] [main] n.n.NttMsAccountsApplicationTests        : Starting NttMsAccountsApplicationTests using Java 17.0.7 with PID 3088 (started by Stephany in C:\Users\Stephany\Desktop\Microservicios\proyecto_microservicios\ntt-ms-accounts)
2025-09-04T00:23:42.155-05:00 DEBUG 3088 --- [ntt-ms-accounts] [main] n.n.NttMsAccountsApplicationTests        : Running with Spring Boot v3.5.4, Spring v6.2.9
2025-09-04T00:23:42.156-05:00  INFO 3088 --- [ntt-ms-accounts] [main] n.n.NttMsAccountsApplicationTests        : No active profile set, falling back to 1 default profile: "default"
2025-09-04T00:23:43.140-05:00  INFO 3088 --- [ntt-ms-accounts] [main] .s.d.r.c.RepositoryConfigurationDelegate : Bootstrapping Spring Data Reactive MongoDB repositories in DEFAULT mode.
2025-09-04T00:23:43.325-05:00  INFO 3088 --- [ntt-ms-accounts] [main] .s.d.r.c.RepositoryConfigurationDelegate : Finished Spring Data repository scanning in 177 ms. Found 4 Reactive MongoDB repository interfaces.
2025-09-04T00:23:44.017-05:00  INFO 3088 --- [ntt-ms-accounts] [main] org.mongodb.driver.client                : MongoClient with metadata {"driver": {"name": "mongo-java-driver|reactive-streams|spring-boot", "version": "5.5.1"}, "os": {"type": "Windows", "name": "Windows 11", "architecture": "amd64", "version": "10.0"}, "platform": "Java/Oracle Corporation/17.0.7+8-LTS-224"} created with settings MongoClientSettings{readPreference=primary, writeConcern=WriteConcern{w=null, wTimeout=null ms, journal=null}, retryWrites=true, retryReads=true, readConcern=ReadConcern{level=null}, credential=null, transportSettings=NettyTransportSettings{eventLoopGroup=io.netty.channel.nio.NioEventLoopGroup@589dd717, socketChannelClass=null, allocator=null, sslContext=null}, commandListeners=[], codecRegistry=ProvidersCodecRegistry{codecProviders=[ValueCodecProvider{}, BsonValueCodecProvider{}, DBRefCodecProvider{}, DBObjectCodecProvider{}, DocumentCodecProvider{}, CollectionCodecProvider{}, IterableCodecProvider{}, MapCodecProvider{}, GeoJsonCodecProvider{}, GridFSFileCodecProvider{}, Jsr310CodecProvider{}, JsonObjectCodecProvider{}, BsonCodecProvider{}, EnumCodecProvider{}, com.mongodb.client.model.mql.ExpressionCodecProvider@4eba6e1f, com.mongodb.Jep395RecordCodecProvider@12c55199, com.mongodb.KotlinCodecProvider@63f6811e]}, loggerSettings=LoggerSettings{maxDocumentLength=1000}, clusterSettings={hosts=[localhost:27017], srvServiceName=mongodb, mode=SINGLE, requiredClusterType=UNKNOWN, requiredReplicaSetName='null', serverSelector='null', clusterListeners='[]', serverSelectionTimeout='30000 ms', localThreshold='15 ms'}, socketSettings=SocketSettings{connectTimeoutMS=10000, readTimeoutMS=0, receiveBufferSize=0, proxySettings=ProxySettings{host=null, port=null, username=null, password=null}}, heartbeatSocketSettings=SocketSettings{connectTimeoutMS=10000, readTimeoutMS=10000, receiveBufferSize=0, proxySettings=ProxySettings{host=null, port=null, username=null, password=null}}, connectionPoolSettings=ConnectionPoolSettings{maxSize=100, minSize=0, maxWaitTimeMS=120000, maxConnectionLifeTimeMS=0, maxConnectionIdleTimeMS=0, maintenanceInitialDelayMS=0, maintenanceFrequencyMS=60000, connectionPoolListeners=[], maxConnecting=2}, serverSettings=ServerSettings{heartbeatFrequencyMS=10000, minHeartbeatFrequencyMS=500, serverMonitoringMode=AUTO, serverListeners='[]', serverMonitorListeners='[]'}, sslSettings=SslSettings{enabled=false, invalidHostNameAllowed=false, context=null}, applicationName='null', compressorList=[], uuidRepresentation=JAVA_LEGACY, serverApi=null, autoEncryptionSettings=null, dnsClient=null, inetAddressResolver=null, contextProvider=null, timeoutMS=null}
2025-09-04T00:23:44.178-05:00  INFO 3088 --- [ntt-ms-accounts] [cluster-ClusterId{value='68b9225f2d9ea7beba462051', description='null'}-localhost:27017] org.mongodb.driver.cluster               : Monitor thread successfully connected to server with description ServerDescription{address=localhost:27017, type=STANDALONE, cryptd=false, state=CONNECTED, ok=true, minWireVersion=0, maxWireVersion=25, maxDocumentSize=16777216, logicalSessionTimeoutMinutes=30, roundTripTimeNanos=75043600, minRoundTripTimeNanos=0}
2025-09-04T00:23:45.116-05:00  INFO 3088 --- [ntt-ms-accounts] [main] n.n.NttMsAccountsApplicationTests        : Started NttMsAccountsApplicationTests in 3.384 seconds (process running for 4.88)
